<?xml version="1.0" encoding="UTF-8"?>
<!-- Generated by org.testng.reporters.JUnitXMLReporter -->
<testsuite hostname="DESKTOP-FN2OEAE" ignored="0" name="Regression Test" tests="5" failures="0" timestamp="02 May 2020 20:51:58 GMT" time="137.394" errors="0">
  <testcase name="verifyContactsPageTitle" time="0.07" classname="com.qa.hubspot.tests.ContactsPageTest"/>
  <testcase name="createNewContactTest" time="24.559" classname="com.qa.hubspot.tests.ContactsPageTest"/>
  <testcase name="createNewContactTest" time="18.381" classname="com.qa.hubspot.tests.ContactsPageTest"/>
  <testcase name="createNewContactTest" time="40.369" classname="com.qa.hubspot.tests.ContactsPageTest"/>
  <testcase name="createNewContactTest" time="19.877" classname="com.qa.hubspot.tests.ContactsPageTest"/>
</testsuite> <!-- Regression Test -->
