<?xml version="1.0" encoding="UTF-8"?>
<testng-results skipped="0" failed="0" ignored="1" total="6" passed="5">
  <reporter-output>
  </reporter-output>
  <suite name="Hubspot App Regression Test Suite" duration-ms="27374" started-at="2020-04-30T21:27:14Z" finished-at="2020-04-30T21:27:41Z">
    <groups>
    </groups>
    <test name="Regression Test" duration-ms="27374" started-at="2020-04-30T21:27:14Z" finished-at="2020-04-30T21:27:41Z">
      <class name="com.qa.hubspot.tests.LoginPageTest">
        <test-method status="PASS" signature="setup()[pri:0, instance:com.qa.hubspot.tests.LoginPageTest@2ece4966]" name="setup" is-config="true" duration-ms="11899" started-at="2020-04-30T21:27:14Z" finished-at="2020-04-30T21:27:26Z">
          <reporter-output>
          </reporter-output>
        </test-method> <!-- setup -->
        <test-method status="PASS" signature="verifyLoginPageTitleTest()[pri:1, instance:com.qa.hubspot.tests.LoginPageTest@2ece4966]" name="verifyLoginPageTitleTest" duration-ms="1033" started-at="2020-04-30T21:27:26Z" finished-at="2020-04-30T21:27:27Z">
          <reporter-output>
          </reporter-output>
        </test-method> <!-- verifyLoginPageTitleTest -->
        <test-method status="PASS" signature="verifySignUpLinkTest()[pri:2, instance:com.qa.hubspot.tests.LoginPageTest@2ece4966]" name="verifySignUpLinkTest" duration-ms="1221" started-at="2020-04-30T21:27:27Z" finished-at="2020-04-30T21:27:28Z">
          <reporter-output>
          </reporter-output>
        </test-method> <!-- verifySignUpLinkTest -->
        <test-method status="PASS" signature="verifyShowPasswordLinkTest()[pri:3, instance:com.qa.hubspot.tests.LoginPageTest@2ece4966]" name="verifyShowPasswordLinkTest" duration-ms="1167" started-at="2020-04-30T21:27:28Z" finished-at="2020-04-30T21:27:29Z">
          <reporter-output>
          </reporter-output>
        </test-method> <!-- verifyShowPasswordLinkTest -->
        <test-method status="PASS" signature="verifyForgotPasswordLinkTest()[pri:4, instance:com.qa.hubspot.tests.LoginPageTest@2ece4966]" name="verifyForgotPasswordLinkTest" duration-ms="1188" started-at="2020-04-30T21:27:29Z" finished-at="2020-04-30T21:27:30Z">
          <reporter-output>
          </reporter-output>
        </test-method> <!-- verifyForgotPasswordLinkTest -->
        <test-method status="PASS" signature="loginTest()[pri:6, instance:com.qa.hubspot.tests.LoginPageTest@2ece4966]" name="loginTest" duration-ms="9925" started-at="2020-04-30T21:27:30Z" finished-at="2020-04-30T21:27:40Z">
          <reporter-output>
          </reporter-output>
        </test-method> <!-- loginTest -->
        <test-method status="PASS" signature="tearDown()[pri:0, instance:com.qa.hubspot.tests.LoginPageTest@2ece4966]" name="tearDown" is-config="true" duration-ms="649" started-at="2020-04-30T21:27:40Z" finished-at="2020-04-30T21:27:41Z">
          <reporter-output>
          </reporter-output>
        </test-method> <!-- tearDown -->
      </class> <!-- com.qa.hubspot.tests.LoginPageTest -->
    </test> <!-- Regression Test -->
  </suite> <!-- Hubspot App Regression Test Suite -->
</testng-results>
