<?xml version="1.0" encoding="UTF-8"?>
<testng-results skipped="0" failed="1" ignored="1" total="6" passed="4">
  <reporter-output>
    <line>
      <![CDATA[<a href='C:\Swathi\Eclipse-WS\POMFrameWork\target\surefire-reports\failure_screenshots\verifySignUpLinkTest_02_05_2020_04_17_33.png'> <img src='C:\Swathi\Eclipse-WS\POMFrameWork\target\surefire-reports\failure_screenshots\verifySignUpLinkTest_02_05_2020_04_17_33.png' height='100' width='100'/> </a>]]>
    </line>
  </reporter-output>
  <suite name="Hubspot App Regression Test Suite" duration-ms="59666" started-at="2020-05-02T20:16:56Z" finished-at="2020-05-02T20:17:55Z">
    <groups>
    </groups>
    <test name="Regression Test" duration-ms="59666" started-at="2020-05-02T20:16:56Z" finished-at="2020-05-02T20:17:55Z">
      <class name="com.qa.hubspot.tests.LoginPageTest">
        <test-method status="PASS" signature="setup()[pri:0, instance:com.qa.hubspot.tests.LoginPageTest@3044e9c7]" name="setup" is-config="true" duration-ms="17045" started-at="2020-05-02T20:16:56Z" finished-at="2020-05-02T20:17:13Z">
          <reporter-output>
          </reporter-output>
        </test-method> <!-- setup -->
        <test-method status="PASS" signature="verifyLoginPageTitleTest()[pri:1, instance:com.qa.hubspot.tests.LoginPageTest@3044e9c7]" name="verifyLoginPageTitleTest" duration-ms="18791" started-at="2020-05-02T20:17:13Z" finished-at="2020-05-02T20:17:32Z">
          <reporter-output>
          </reporter-output>
        </test-method> <!-- verifyLoginPageTitleTest -->
        <test-method status="FAIL" signature="verifySignUpLinkTest()[pri:2, instance:com.qa.hubspot.tests.LoginPageTest@3044e9c7]" name="verifySignUpLinkTest" duration-ms="37" started-at="2020-05-02T20:17:32Z" finished-at="2020-05-02T20:17:32Z">
          <exception class="org.openqa.selenium.NoSuchElementException">
            <message>
              <![CDATA[no such element: Unable to locate element: {"method":"link text","selector":"Sign up123"}
  (Session info: chrome=81.0.4044.122)
For documentation on this error, please visit: https://www.seleniumhq.org/exceptions/no_such_element.html
Build info: version: '3.141.59', revision: 'e82be7d358', time: '2018-11-14T08:17:03'
System info: host: 'DESKTOP-FN2OEAE', ip: '192.168.1.189', os.name: 'Windows 10', os.arch: 'amd64', os.version: '10.0', java.version: '1.8.0_201'
Driver info: org.openqa.selenium.chrome.ChromeDriver
Capabilities {acceptInsecureCerts: false, browserName: chrome, browserVersion: 81.0.4044.122, chrome: {chromedriverVersion: 81.0.4044.69 (6813546031a4b..., userDataDir: C:\Users\swathi\AppData\Loc...}, goog:chromeOptions: {debuggerAddress: localhost:55798}, javascriptEnabled: true, networkConnectionEnabled: false, pageLoadStrategy: normal, platform: WINDOWS, platformName: WINDOWS, proxy: Proxy(), setWindowRect: true, strictFileInteractability: false, timeouts: {implicit: 0, pageLoad: 300000, script: 30000}, unhandledPromptBehavior: dismiss and notify, webauthn:virtualAuthenticators: true}
Session ID: 1b5866b15b8237f46fcc63f50c1e065c
*** Element info: {Using=link text, value=Sign up123}]]>
            </message>
            <full-stacktrace>
              <![CDATA[org.openqa.selenium.NoSuchElementException: no such element: Unable to locate element: {"method":"link text","selector":"Sign up123"}
  (Session info: chrome=81.0.4044.122)
For documentation on this error, please visit: https://www.seleniumhq.org/exceptions/no_such_element.html
Build info: version: '3.141.59', revision: 'e82be7d358', time: '2018-11-14T08:17:03'
System info: host: 'DESKTOP-FN2OEAE', ip: '192.168.1.189', os.name: 'Windows 10', os.arch: 'amd64', os.version: '10.0', java.version: '1.8.0_201'
Driver info: org.openqa.selenium.chrome.ChromeDriver
Capabilities {acceptInsecureCerts: false, browserName: chrome, browserVersion: 81.0.4044.122, chrome: {chromedriverVersion: 81.0.4044.69 (6813546031a4b..., userDataDir: C:\Users\swathi\AppData\Loc...}, goog:chromeOptions: {debuggerAddress: localhost:55798}, javascriptEnabled: true, networkConnectionEnabled: false, pageLoadStrategy: normal, platform: WINDOWS, platformName: WINDOWS, proxy: Proxy(), setWindowRect: true, strictFileInteractability: false, timeouts: {implicit: 0, pageLoad: 300000, script: 30000}, unhandledPromptBehavior: dismiss and notify, webauthn:virtualAuthenticators: true}
Session ID: 1b5866b15b8237f46fcc63f50c1e065c
*** Element info: {Using=link text, value=Sign up123}
at sun.reflect.NativeConstructorAccessorImpl.newInstance0(Native Method)
at sun.reflect.NativeConstructorAccessorImpl.newInstance(NativeConstructorAccessorImpl.java:62)
at sun.reflect.DelegatingConstructorAccessorImpl.newInstance(DelegatingConstructorAccessorImpl.java:45)
at java.lang.reflect.Constructor.newInstance(Constructor.java:423)
at org.openqa.selenium.remote.http.W3CHttpResponseCodec.createException(W3CHttpResponseCodec.java:187)
at org.openqa.selenium.remote.http.W3CHttpResponseCodec.decode(W3CHttpResponseCodec.java:122)
at org.openqa.selenium.remote.http.W3CHttpResponseCodec.decode(W3CHttpResponseCodec.java:49)
at org.openqa.selenium.remote.HttpCommandExecutor.execute(HttpCommandExecutor.java:158)
at org.openqa.selenium.remote.service.DriverCommandExecutor.execute(DriverCommandExecutor.java:83)
at org.openqa.selenium.remote.RemoteWebDriver.execute(RemoteWebDriver.java:552)
at org.openqa.selenium.remote.RemoteWebDriver.findElement(RemoteWebDriver.java:323)
at org.openqa.selenium.remote.RemoteWebDriver.findElementByLinkText(RemoteWebDriver.java:380)
at org.openqa.selenium.By$ByLinkText.findElement(By.java:220)
at org.openqa.selenium.remote.RemoteWebDriver.findElement(RemoteWebDriver.java:315)
at com.qa.hubspot.utils.ElementUtil.getElement(ElementUtil.java:25)
at com.qa.hubspot.utils.ElementUtil.doIsDisplayed(ElementUtil.java:55)
at com.qa.hubsot.pages.LoginPage.checkSignUpLink(LoginPage.java:44)
at com.qa.hubspot.tests.LoginPageTest.verifySignUpLinkTest(LoginPageTest.java:61)
at sun.reflect.NativeMethodAccessorImpl.invoke0(Native Method)
at sun.reflect.NativeMethodAccessorImpl.invoke(NativeMethodAccessorImpl.java:62)
at sun.reflect.DelegatingMethodAccessorImpl.invoke(DelegatingMethodAccessorImpl.java:43)
at java.lang.reflect.Method.invoke(Method.java:498)
at org.testng.internal.MethodInvocationHelper.invokeMethod(MethodInvocationHelper.java:124)
at org.testng.internal.Invoker.invokeMethod(Invoker.java:583)
at org.testng.internal.Invoker.invokeTestMethod(Invoker.java:719)
at org.testng.internal.Invoker.invokeTestMethods(Invoker.java:989)
at org.testng.internal.TestMethodWorker.invokeTestMethods(TestMethodWorker.java:125)
at org.testng.internal.TestMethodWorker.run(TestMethodWorker.java:109)
at org.testng.TestRunner.privateRun(TestRunner.java:648)
at org.testng.TestRunner.run(TestRunner.java:505)
at org.testng.SuiteRunner.runTest(SuiteRunner.java:455)
at org.testng.SuiteRunner.runSequentially(SuiteRunner.java:450)
at org.testng.SuiteRunner.privateRun(SuiteRunner.java:415)
at org.testng.SuiteRunner.run(SuiteRunner.java:364)
at org.testng.SuiteRunnerWorker.runSuite(SuiteRunnerWorker.java:52)
at org.testng.SuiteRunnerWorker.run(SuiteRunnerWorker.java:84)
at org.testng.TestNG.runSuitesSequentially(TestNG.java:1208)
at org.testng.TestNG.runSuitesLocally(TestNG.java:1137)
at org.testng.TestNG.runSuites(TestNG.java:1049)
at org.testng.TestNG.run(TestNG.java:1017)
at org.testng.remote.AbstractRemoteTestNG.run(AbstractRemoteTestNG.java:115)
at org.testng.remote.RemoteTestNG.initAndRun(RemoteTestNG.java:251)
at org.testng.remote.RemoteTestNG.main(RemoteTestNG.java:77)
]]>
            </full-stacktrace>
          </exception> <!-- org.openqa.selenium.NoSuchElementException -->
          <reporter-output>
            <line>
              <![CDATA[<a href='C:\Swathi\Eclipse-WS\POMFrameWork\target\surefire-reports\failure_screenshots\verifySignUpLinkTest_02_05_2020_04_17_33.png'> <img src='C:\Swathi\Eclipse-WS\POMFrameWork\target\surefire-reports\failure_screenshots\verifySignUpLinkTest_02_05_2020_04_17_33.png' height='100' width='100'/> </a>]]>
            </line>
          </reporter-output>
        </test-method> <!-- verifySignUpLinkTest -->
        <test-method status="PASS" signature="verifyShowPasswordLinkTest()[pri:3, instance:com.qa.hubspot.tests.LoginPageTest@3044e9c7]" name="verifyShowPasswordLinkTest" duration-ms="1212" started-at="2020-05-02T20:17:34Z" finished-at="2020-05-02T20:17:35Z">
          <reporter-output>
          </reporter-output>
        </test-method> <!-- verifyShowPasswordLinkTest -->
        <test-method status="PASS" signature="verifyForgotPasswordLinkTest()[pri:4, instance:com.qa.hubspot.tests.LoginPageTest@3044e9c7]" name="verifyForgotPasswordLinkTest" duration-ms="1195" started-at="2020-05-02T20:17:35Z" finished-at="2020-05-02T20:17:36Z">
          <reporter-output>
          </reporter-output>
        </test-method> <!-- verifyForgotPasswordLinkTest -->
        <test-method status="PASS" signature="loginTest()[pri:6, instance:com.qa.hubspot.tests.LoginPageTest@3044e9c7]" name="loginTest" duration-ms="18525" started-at="2020-05-02T20:17:36Z" finished-at="2020-05-02T20:17:55Z">
          <reporter-output>
          </reporter-output>
        </test-method> <!-- loginTest -->
        <test-method status="PASS" signature="tearDown()[pri:0, instance:com.qa.hubspot.tests.LoginPageTest@3044e9c7]" name="tearDown" is-config="true" duration-ms="718" started-at="2020-05-02T20:17:55Z" finished-at="2020-05-02T20:17:55Z">
          <reporter-output>
          </reporter-output>
        </test-method> <!-- tearDown -->
      </class> <!-- com.qa.hubspot.tests.LoginPageTest -->
    </test> <!-- Regression Test -->
  </suite> <!-- Hubspot App Regression Test Suite -->
</testng-results>
