<?xml version="1.0" encoding="UTF-8"?>
<testng-results skipped="0" failed="0" ignored="0" total="5" passed="5">
  <reporter-output>
  </reporter-output>
  <suite name="Hubspot App Regression Test Suite" duration-ms="137394" started-at="2020-05-02T20:49:41Z" finished-at="2020-05-02T20:51:58Z">
    <groups>
    </groups>
    <test name="Regression Test" duration-ms="137394" started-at="2020-05-02T20:49:41Z" finished-at="2020-05-02T20:51:58Z">
      <class name="com.qa.hubspot.tests.ContactsPageTest">
        <test-method status="PASS" signature="setup()[pri:0, instance:com.qa.hubspot.tests.ContactsPageTest@54534abf]" name="setup" is-config="true" duration-ms="31831" started-at="2020-05-02T20:49:41Z" finished-at="2020-05-02T20:50:13Z">
          <reporter-output>
          </reporter-output>
        </test-method> <!-- setup -->
        <test-method status="PASS" signature="verifyContactsPageTitle()[pri:1, instance:com.qa.hubspot.tests.ContactsPageTest@54534abf]" name="verifyContactsPageTitle" duration-ms="70" started-at="2020-05-02T20:50:13Z" finished-at="2020-05-02T20:50:13Z">
          <reporter-output>
          </reporter-output>
        </test-method> <!-- verifyContactsPageTitle -->
        <test-method status="PASS" signature="createNewContactTest(java.lang.String, java.lang.String, java.lang.String, java.lang.String)[pri:2, instance:com.qa.hubspot.tests.ContactsPageTest@54534abf]" name="createNewContactTest" duration-ms="24559" started-at="2020-05-02T20:50:14Z" data-provider="getContactsTestData" finished-at="2020-05-02T20:50:39Z">
          <params>
            <param index="0">
              <value>
                <![CDATA[tom@gmail.com]]>
              </value>
            </param>
            <param index="1">
              <value>
                <![CDATA[Tom]]>
              </value>
            </param>
            <param index="2">
              <value>
                <![CDATA[mcveigh]]>
              </value>
            </param>
            <param index="3">
              <value>
                <![CDATA[Dev]]>
              </value>
            </param>
          </params>
          <reporter-output>
          </reporter-output>
        </test-method> <!-- createNewContactTest -->
        <test-method status="PASS" signature="createNewContactTest(java.lang.String, java.lang.String, java.lang.String, java.lang.String)[pri:2, instance:com.qa.hubspot.tests.ContactsPageTest@54534abf]" name="createNewContactTest" duration-ms="18381" started-at="2020-05-02T20:50:39Z" data-provider="getContactsTestData" finished-at="2020-05-02T20:50:57Z">
          <params>
            <param index="0">
              <value>
                <![CDATA[peter@gmail.com]]>
              </value>
            </param>
            <param index="1">
              <value>
                <![CDATA[Peter]]>
              </value>
            </param>
            <param index="2">
              <value>
                <![CDATA[lauren]]>
              </value>
            </param>
            <param index="3">
              <value>
                <![CDATA[SDET]]>
              </value>
            </param>
          </params>
          <reporter-output>
          </reporter-output>
        </test-method> <!-- createNewContactTest -->
        <test-method status="PASS" signature="createNewContactTest(java.lang.String, java.lang.String, java.lang.String, java.lang.String)[pri:2, instance:com.qa.hubspot.tests.ContactsPageTest@54534abf]" name="createNewContactTest" duration-ms="40369" started-at="2020-05-02T20:50:57Z" data-provider="getContactsTestData" finished-at="2020-05-02T20:51:38Z">
          <params>
            <param index="0">
              <value>
                <![CDATA[john@gmail.com]]>
              </value>
            </param>
            <param index="1">
              <value>
                <![CDATA[John]]>
              </value>
            </param>
            <param index="2">
              <value>
                <![CDATA[loeffer]]>
              </value>
            </param>
            <param index="3">
              <value>
                <![CDATA[QA]]>
              </value>
            </param>
          </params>
          <reporter-output>
          </reporter-output>
        </test-method> <!-- createNewContactTest -->
        <test-method status="PASS" signature="createNewContactTest(java.lang.String, java.lang.String, java.lang.String, java.lang.String)[pri:2, instance:com.qa.hubspot.tests.ContactsPageTest@54534abf]" name="createNewContactTest" duration-ms="19877" started-at="2020-05-02T20:51:38Z" data-provider="getContactsTestData" finished-at="2020-05-02T20:51:58Z">
          <params>
            <param index="0">
              <value>
                <![CDATA[takeisha@gmail.com]]>
              </value>
            </param>
            <param index="1">
              <value>
                <![CDATA[Takeisha]]>
              </value>
            </param>
            <param index="2">
              <value>
                <![CDATA[jhonny]]>
              </value>
            </param>
            <param index="3">
              <value>
                <![CDATA[Manager]]>
              </value>
            </param>
          </params>
          <reporter-output>
          </reporter-output>
        </test-method> <!-- createNewContactTest -->
        <test-method status="PASS" signature="tearDown()[pri:0, instance:com.qa.hubspot.tests.ContactsPageTest@54534abf]" name="tearDown" is-config="true" duration-ms="716" started-at="2020-05-02T20:51:58Z" finished-at="2020-05-02T20:51:58Z">
          <reporter-output>
          </reporter-output>
        </test-method> <!-- tearDown -->
      </class> <!-- com.qa.hubspot.tests.ContactsPageTest -->
    </test> <!-- Regression Test -->
  </suite> <!-- Hubspot App Regression Test Suite -->
</testng-results>
